{"/Users/cyrocosta/BlackWallet-node/api/src/Currency/Domain.ts": {"path":"/Users/cyrocosta/BlackWallet-node/api/src/Currency/Domain.ts","statementMap":{"0":{"start":{"line":1,"column":0},"end":{"line":1,"column":26}},"1":{"start":{"line":5,"column":2},"end":{"line":14,"column":null}},"2":{"start":{"line":6,"column":21},"end":{"line":7,"column":null}},"3":{"start":{"line":9,"column":25},"end":{"line":9,"column":48}},"4":{"start":{"line":10,"column":4},"end":{"line":10,"column":24}},"5":{"start":{"line":12,"column":4},"end":{"line":12,"column":60}},"6":{"start":{"line":13,"column":4},"end":{"line":13,"column":16}},"7":{"start":{"line":18,"column":23},"end":{"line":18,"column":46}},"8":{"start":{"line":19,"column":22},"end":{"line":19,"column":34}},"9":{"start":{"line":20,"column":2},"end":{"line":20,"column":32}},"10":{"start":{"line":17,"column":0},"end":{"line":17,"column":7}}},"fnMap":{"0":{"name":"getExchangeRate","decl":{"start":{"line":4,"column":15},"end":{"line":4,"column":30}},"loc":{"start":{"line":4,"column":30},"end":{"line":15,"column":1}}},"1":{"name":"getDollarPriceInReais","decl":{"start":{"line":17,"column":22},"end":{"line":17,"column":43}},"loc":{"start":{"line":17,"column":43},"end":{"line":21,"column":1}}}},"branchMap":{},"s":{"0":1,"1":0,"2":0,"3":0,"4":0,"5":0,"6":0,"7":0,"8":0,"9":0,"10":1},"f":{"0":0,"1":0},"b":{}}
}
